#
# There is insufficient memory for the Java Runtime Environment to continue.
# Native memory allocation (malloc) failed to allocate 1078736 bytes for Chunk::new
# Possible reasons:
#   The system is out of physical RAM or swap space
#   The process is running with CompressedOops enabled, and the Java Heap may be blocking the growth of the native heap
# Possible solutions:
#   Reduce memory load on the system
#   Increase physical memory or swap space
#   Check if swap backing store is full
#   Decrease Java heap size (-Xmx/-Xms)
#   Decrease number of Java threads
#   Decrease Java thread stack sizes (-Xss)
#   Set larger code cache with -XX:ReservedCodeCacheSize=
#   JVM is running with Zero Based Compressed Oops mode in which the Java heap is
#     placed in the first 32GB address space. The Java Heap base address is the
#     maximum limit for the native heap growth. Please use -XX:HeapBaseMinAddress
#     to set the Java Heap base and to place the Java Heap above 32GB virtual address.
# This output file may be truncated or incomplete.
#
#  Out of Memory Error (allocation.cpp:389), pid=15144, tid=0x000000000000456c
#
# JRE version: Java(TM) SE Runtime Environment (8.0_251-b08) (build 1.8.0_251-b08)
# Java VM: Java HotSpot(TM) 64-Bit Server VM (25.251-b08 mixed mode windows-amd64 compressed oops)
# Failed to write core dump. Minidumps are not enabled by default on client versions of Windows
#

---------------  T H R E A D  ---------------

Current thread (0x000000001e9c9800):  JavaThread "C2 CompilerThread1" daemon [_thread_in_native, id=17772, stack(0x000000001f310000,0x000000001f410000)]

Stack: [0x000000001f310000,0x000000001f410000]
[error occurred during error reporting (printing stack bounds), id 0xc0000005]

Native frames: (J=compiled Java code, j=interpreted, Vv=VM code, C=native code)


Current CompileTask:
C2: 141655 23033       4       com.sun.tools.javac.comp.Check::checkMethod (630 bytes)


---------------  P R O C E S S  ---------------

Java Threads: ( => current thread )
  0x000000001ea45800 JavaThread "Service Thread" daemon [_thread_blocked, id=21852, stack(0x000000001f610000,0x000000001f710000)]
  0x000000001ea32800 JavaThread "C1 CompilerThread3" daemon [_thread_blocked, id=30172, stack(0x000000001f510000,0x000000001f610000)]
  0x000000001ea11800 JavaThread "C2 CompilerThread2" daemon [_thread_in_native, id=16828, stack(0x000000001f410000,0x000000001f510000)]
=>0x000000001e9c9800 JavaThread "C2 CompilerThread1" daemon [_thread_in_native, id=17772, stack(0x000000001f310000,0x000000001f410000)]
  0x000000001e9c4800 JavaThread "C2 CompilerThread0" daemon [_thread_in_native, id=8764, stack(0x000000001f210000,0x000000001f310000)]
  0x000000001e9b9800 JavaThread "Monitor Ctrl-Break" daemon [_thread_in_native, id=58716, stack(0x000000001f110000,0x000000001f210000)]
  0x000000001e9a0000 JavaThread "Attach Listener" daemon [_thread_blocked, id=16956, stack(0x000000001f010000,0x000000001f110000)]
  0x000000001e99f000 JavaThread "Signal Dispatcher" daemon [_thread_blocked, id=40316, stack(0x000000001ef10000,0x000000001f010000)]
  0x000000001e931800 JavaThread "Finalizer" daemon [_thread_blocked, id=44420, stack(0x000000001ee10000,0x000000001ef10000)]
  0x000000001e930800 JavaThread "Reference Handler" daemon [_thread_blocked, id=42580, stack(0x000000001ed10000,0x000000001ee10000)]
  0x0000000003112800 JavaThread "main" [_thread_in_native, id=23380, stack(0x0000000002990000,0x0000000002a90000)]

Other Threads:
  0x000000001cb29800 VMThread [stack: 0x000000001e810000,0x000000001e910000] [id=33160]
  0x000000001ea49800 WatcherThread [stack: 0x000000001f710000,0x000000001f810000] [id=64160]

VM state:not at safepoint (normal execution)

VM Mutex/Monitor currently owned by a thread: None

heap address: 0x00000006c3800000, size: 4040 MB, Compressed Oops mode: Zero based, Oop shift amount: 3
Narrow klass base: 0x0000000000000000, Narrow klass shift: 3
Compressed class space size: 1073741824 Address: 0x00000007c0000000

Heap:
 PSYoungGen      total 566784K, used 410037K [0x000000076bd80000, 0x0000000796a80000, 0x00000007c0000000)
  eden space 448000K, 67% used [0x000000076bd80000,0x000000077e6a8c20,0x0000000787300000)
  from space 118784K, 89% used [0x000000078f680000,0x0000000795dc4820,0x0000000796a80000)
  to   space 109568K, 0% used [0x0000000787300000,0x0000000787300000,0x000000078de00000)
 ParOldGen       total 522240K, used 120444K [0x00000006c3800000, 0x00000006e3600000, 0x000000076bd80000)
  object space 522240K, 23% used [0x00000006c3800000,0x00000006cad9f230,0x00000006e3600000)
 Metaspace       used 97244K, capacity 99390K, committed 99840K, reserved 1138688K
  class space    used 10950K, capacity 11404K, committed 11520K, reserved 1048576K

Card table byte_map: [0x00000000125d0000,0x0000000012dc0000] byte_map_base: 0x000000000efb4000

Marking Bits: (ParMarkBitMap*) 0x000000006ca5af90
 Begin Bits: [0x0000000013b10000, 0x0000000017a30000)
 End Bits:   [0x0000000017a30000, 0x000000001b950000)

Polling page: 0x0000000000d70000

CodeCache: size=245760Kb used=71395Kb max_used=71407Kb free=174365Kb
 bounds [0x0000000003210000, 0x0000000007850000, 0x0000000012210000]
 total_blobs=17942 nmethods=17262 adapters=588
 compilation: enabled

Compilation events (10 events):
Event: 141.539 Thread 0x000000001ea32800 nmethod 23032 0x0000000003bf5310 code [0x0000000003bf5640, 0x0000000003bf7318]
Event: 141.542 Thread 0x000000001ea11800 23034   !   4       java.util.Formatter::format (271 bytes)
Event: 141.546 Thread 0x000000001e9c4800 nmethod 23031 0x000000000475d150 code [0x000000000475d3c0, 0x000000000475dc68]
Event: 141.546 Thread 0x000000001e9c4800 23036       4       com.sun.tools.javac.comp.Infer$IncorporationStep$1::apply (256 bytes)
Event: 141.546 Thread 0x000000001ea32800 23037       3       com.sun.tools.javac.code.Types$5::visitWildcardType (10 bytes)
Event: 141.546 Thread 0x000000001ea32800 nmethod 23037 0x0000000003bf4e50 code [0x0000000003bf4fc0, 0x0000000003bf5248]
Event: 141.546 Thread 0x000000001ea32800 23038       3       com.sun.tools.javac.code.Types$5::visitWildcardType (62 bytes)
Event: 141.547 Thread 0x000000001ea32800 nmethod 23038 0x00000000049d1250 code [0x00000000049d1420, 0x00000000049d1bc8]
Event: 141.548 Thread 0x000000001ea32800 23040       3       com.sun.tools.javac.tree.TreeTranslator::visitConditional (51 bytes)
Event: 141.548 Thread 0x000000001ea32800 nmethod 23040 0x000000000449d950 code [0x000000000449db00, 0x000000000449e208]

GC Heap History (10 events):
Event: 93.950 GC heap before
{Heap before GC invocations=26 (full 4):
 PSYoungGen      total 522752K, used 402816K [0x000000076bd80000, 0x0000000794c00000, 0x00000007c0000000)
  eden space 401408K, 100% used [0x000000076bd80000,0x0000000784580000,0x0000000784580000)
  from space 121344K, 1% used [0x0000000784580000,0x00000007846e0000,0x000000078bc00000)
  to   space 119808K, 0% used [0x000000078d700000,0x000000078d700000,0x0000000794c00000)
 ParOldGen       total 522240K, used 120420K [0x00000006c3800000, 0x00000006e3600000, 0x000000076bd80000)
  object space 522240K, 23% used [0x00000006c3800000,0x00000006cad99230,0x00000006e3600000)
 Metaspace       used 96568K, capacity 98512K, committed 98860K, reserved 1136640K
  class space    used 10907K, capacity 11345K, committed 11392K, reserved 1048576K
Event: 93.953 GC heap after
Heap after GC invocations=26 (full 4):
 PSYoungGen      total 540160K, used 992K [0x000000076bd80000, 0x0000000794480000, 0x00000007c0000000)
  eden space 428032K, 0% used [0x000000076bd80000,0x000000076bd80000,0x0000000785f80000)
  from space 112128K, 0% used [0x000000078d700000,0x000000078d7f8000,0x0000000794480000)
  to   space 117248K, 0% used [0x0000000785f80000,0x0000000785f80000,0x000000078d200000)
 ParOldGen       total 522240K, used 120420K [0x00000006c3800000, 0x00000006e3600000, 0x000000076bd80000)
  object space 522240K, 23% used [0x00000006c3800000,0x00000006cad99230,0x00000006e3600000)
 Metaspace       used 96568K, capacity 98512K, committed 98860K, reserved 1136640K
  class space    used 10907K, capacity 11345K, committed 11392K, reserved 1048576K
}
Event: 96.154 GC heap before
{Heap before GC invocations=27 (full 4):
 PSYoungGen      total 540160K, used 429024K [0x000000076bd80000, 0x0000000794480000, 0x00000007c0000000)
  eden space 428032K, 100% used [0x000000076bd80000,0x0000000785f80000,0x0000000785f80000)
  from space 112128K, 0% used [0x000000078d700000,0x000000078d7f8000,0x0000000794480000)
  to   space 117248K, 0% used [0x0000000785f80000,0x0000000785f80000,0x000000078d200000)
 ParOldGen       total 522240K, used 120420K [0x00000006c3800000, 0x00000006e3600000, 0x000000076bd80000)
  object space 522240K, 23% used [0x00000006c3800000,0x00000006cad99230,0x00000006e3600000)
 Metaspace       used 96667K, capacity 98576K, committed 98860K, reserved 1136640K
  class space    used 10909K, capacity 11345K, committed 11392K, reserved 1048576K
Event: 96.156 GC heap after
Heap after GC invocations=27 (full 4):
 PSYoungGen      total 545280K, used 1728K [0x000000076bd80000, 0x0000000795580000, 0x00000007c0000000)
  eden space 428032K, 0% used [0x000000076bd80000,0x000000076bd80000,0x0000000785f80000)
  from space 117248K, 1% used [0x0000000785f80000,0x0000000786130000,0x000000078d200000)
  to   space 113664K, 0% used [0x000000078e680000,0x000000078e680000,0x0000000795580000)
 ParOldGen       total 522240K, used 120428K [0x00000006c3800000, 0x00000006e3600000, 0x000000076bd80000)
  object space 522240K, 23% used [0x00000006c3800000,0x00000006cad9b230,0x00000006e3600000)
 Metaspace       used 96667K, capacity 98576K, committed 98860K, reserved 1136640K
  class space    used 10909K, capacity 11345K, committed 11392K, reserved 1048576K
}
Event: 105.598 GC heap before
{Heap before GC invocations=28 (full 4):
 PSYoungGen      total 545280K, used 429760K [0x000000076bd80000, 0x0000000795580000, 0x00000007c0000000)
  eden space 428032K, 100% used [0x000000076bd80000,0x0000000785f80000,0x0000000785f80000)
  from space 117248K, 1% used [0x0000000785f80000,0x0000000786130000,0x000000078d200000)
  to   space 113664K, 0% used [0x000000078e680000,0x000000078e680000,0x0000000795580000)
 ParOldGen       total 522240K, used 120428K [0x00000006c3800000, 0x00000006e3600000, 0x000000076bd80000)
  object space 522240K, 23% used [0x00000006c3800000,0x00000006cad9b230,0x00000006e3600000)
 Metaspace       used 96717K, capacity 98722K, committed 99116K, reserved 1136640K
  class space    used 10911K, capacity 11348K, committed 11392K, reserved 1048576K
Event: 105.602 GC heap after
Heap after GC invocations=28 (full 4):
 PSYoungGen      total 548864K, used 4725K [0x000000076bd80000, 0x0000000794900000, 0x00000007c0000000)
  eden space 448000K, 0% used [0x000000076bd80000,0x000000076bd80000,0x0000000787300000)
  from space 100864K, 4% used [0x000000078e680000,0x000000078eb1d578,0x0000000794900000)
  to   space 109568K, 0% used [0x0000000787300000,0x0000000787300000,0x000000078de00000)
 ParOldGen       total 522240K, used 120436K [0x00000006c3800000, 0x00000006e3600000, 0x000000076bd80000)
  object space 522240K, 23% used [0x00000006c3800000,0x00000006cad9d230,0x00000006e3600000)
 Metaspace       used 96717K, capacity 98722K, committed 99116K, reserved 1136640K
  class space    used 10911K, capacity 11348K, committed 11392K, reserved 1048576K
}
Event: 120.666 GC heap before
{Heap before GC invocations=29 (full 4):
 PSYoungGen      total 548864K, used 452725K [0x000000076bd80000, 0x0000000794900000, 0x00000007c0000000)
  eden space 448000K, 100% used [0x000000076bd80000,0x0000000787300000,0x0000000787300000)
  from space 100864K, 4% used [0x000000078e680000,0x000000078eb1d578,0x0000000794900000)
  to   space 109568K, 0% used [0x0000000787300000,0x0000000787300000,0x000000078de00000)
 ParOldGen       total 522240K, used 120436K [0x00000006c3800000, 0x00000006e3600000, 0x000000076bd80000)
  object space 522240K, 23% used [0x00000006c3800000,0x00000006cad9d230,0x00000006e3600000)
 Metaspace       used 96727K, capacity 98722K, committed 99116K, reserved 1136640K
  class space    used 10911K, capacity 11348K, committed 11392K, reserved 1048576K
Event: 120.696 GC heap after
Heap after GC invocations=29 (full 4):
 PSYoungGen      total 557568K, used 73697K [0x000000076bd80000, 0x0000000796a80000, 0x00000007c0000000)
  eden space 448000K, 0% used [0x000000076bd80000,0x000000076bd80000,0x0000000787300000)
  from space 109568K, 67% used [0x0000000787300000,0x000000078baf8610,0x000000078de00000)
  to   space 118784K, 0% used [0x000000078f680000,0x000000078f680000,0x0000000796a80000)
 ParOldGen       total 522240K, used 120436K [0x00000006c3800000, 0x00000006e3600000, 0x000000076bd80000)
  object space 522240K, 23% used [0x00000006c3800000,0x00000006cad9d230,0x00000006e3600000)
 Metaspace       used 96727K, capacity 98722K, committed 99116K, reserved 1136640K
  class space    used 10911K, capacity 11348K, committed 11392K, reserved 1048576K
}
Event: 133.779 GC heap before
{Heap before GC invocations=30 (full 4):
 PSYoungGen      total 557568K, used 521697K [0x000000076bd80000, 0x0000000796a80000, 0x00000007c0000000)
  eden space 448000K, 100% used [0x000000076bd80000,0x0000000787300000,0x0000000787300000)
  from space 109568K, 67% used [0x0000000787300000,0x000000078baf8610,0x000000078de00000)
  to   space 118784K, 0% used [0x000000078f680000,0x000000078f680000,0x0000000796a80000)
 ParOldGen       total 522240K, used 120436K [0x00000006c3800000, 0x00000006e3600000, 0x000000076bd80000)
  object space 522240K, 23% used [0x00000006c3800000,0x00000006cad9d230,0x00000006e3600000)
 Metaspace       used 97176K, capacity 99326K, committed 99584K, reserved 1136640K
  class space    used 10948K, capacity 11404K, committed 11520K, reserved 1048576K
Event: 133.840 GC heap after
Heap after GC invocations=30 (full 4):
 PSYoungGen      total 566784K, used 105746K [0x000000076bd80000, 0x0000000796a80000, 0x00000007c0000000)
  eden space 448000K, 0% used [0x000000076bd80000,0x000000076bd80000,0x0000000787300000)
  from space 118784K, 89% used [0x000000078f680000,0x0000000795dc4820,0x0000000796a80000)
  to   space 109568K, 0% used [0x0000000787300000,0x0000000787300000,0x000000078de00000)
 ParOldGen       total 522240K, used 120444K [0x00000006c3800000, 0x00000006e3600000, 0x000000076bd80000)
  object space 522240K, 23% used [0x00000006c3800000,0x00000006cad9f230,0x00000006e3600000)
 Metaspace       used 97176K, capacity 99326K, committed 99584K, reserved 1136640K
  class space    used 10948K, capacity 11404K, committed 11520K, reserved 1048576K
}

Deoptimization events (10 events):
Event: 140.175 Thread 0x0000000003112800 Uncommon trap: reason=speculate_class_check action=maybe_recompile pc=0x000000000621aef8 method=com.sun.tools.javac.util.List.prependList(Lcom/sun/tools/javac/util/List;)Lcom/sun/tools/javac/util/List; @ 10
Event: 140.488 Thread 0x0000000003112800 Uncommon trap: reason=class_check action=maybe_recompile pc=0x0000000004c6905c method=com.sun.tools.javac.comp.Resolve.adjustArgs(Lcom/sun/tools/javac/util/List;Lcom/sun/tools/javac/code/Symbol;IZ)Lcom/sun/tools/javac/util/List; @ 26
Event: 140.489 Thread 0x0000000003112800 Uncommon trap: reason=class_check action=maybe_recompile pc=0x0000000004c6905c method=com.sun.tools.javac.comp.Resolve.adjustArgs(Lcom/sun/tools/javac/util/List;Lcom/sun/tools/javac/code/Symbol;IZ)Lcom/sun/tools/javac/util/List; @ 26
Event: 140.923 Thread 0x0000000003112800 Uncommon trap: reason=predicate action=maybe_recompile pc=0x0000000006081cb8 method=com.sun.tools.javac.comp.Resolve$AbstractMethodCheck.argumentsAcceptable(Lcom/sun/tools/javac/comp/Env;Lcom/sun/tools/javac/comp/DeferredAttr$DeferredAttrContext;Lcom/sun/
Event: 141.017 Thread 0x0000000003112800 Uncommon trap: reason=class_check action=maybe_recompile pc=0x00000000061985a4 method=com.sun.tools.javac.comp.Check.checkMethod(Lcom/sun/tools/javac/code/Type;Lcom/sun/tools/javac/code/Symbol;Lcom/sun/tools/javac/comp/Env;Lcom/sun/tools/javac/util/List;L
Event: 141.385 Thread 0x0000000003112800 Uncommon trap: reason=class_check action=maybe_recompile pc=0x0000000004c6905c method=com.sun.tools.javac.comp.Resolve.adjustArgs(Lcom/sun/tools/javac/util/List;Lcom/sun/tools/javac/code/Symbol;IZ)Lcom/sun/tools/javac/util/List; @ 26
Event: 141.385 Thread 0x0000000003112800 Uncommon trap: reason=class_check action=maybe_recompile pc=0x0000000004c6905c method=com.sun.tools.javac.comp.Resolve.adjustArgs(Lcom/sun/tools/javac/util/List;Lcom/sun/tools/javac/code/Symbol;IZ)Lcom/sun/tools/javac/util/List; @ 26
Event: 141.385 Thread 0x0000000003112800 Uncommon trap: reason=class_check action=maybe_recompile pc=0x00000000048e19a8 method=com.sun.tools.javac.comp.Resolve.adjustArgs(Lcom/sun/tools/javac/util/List;Lcom/sun/tools/javac/code/Symbol;IZ)Lcom/sun/tools/javac/util/List; @ 26
Event: 141.538 Thread 0x0000000003112800 Uncommon trap: reason=unstable_if action=reinterpret pc=0x000000000603fb04 method=com.sun.tools.javac.code.Types.closure(Lcom/sun/tools/javac/code/Type;)Lcom/sun/tools/javac/util/List; @ 28
Event: 141.539 Thread 0x0000000003112800 Uncommon trap: reason=class_check action=maybe_recompile pc=0x0000000006204b20 method=com.sun.tools.javac.comp.Attr.checkMethod(Lcom/sun/tools/javac/code/Type;Lcom/sun/tools/javac/code/Symbol;Lcom/sun/tools/javac/comp/Attr$ResultInfo;Lcom/sun/tools/javac/

Classes redefined (0 events):
No events

Internal exceptions (10 events):
Event: 111.407 Thread 0x0000000003112800 Exception <a 'java/io/FileNotFoundException'> (0x0000000773e068f0) thrown at [C:\jenkins\workspace\8-2-build-windows-amd64-cygwin\jdk8u251\737\hotspot\src\share\vm\prims\jni.cpp, line 710]
Event: 111.408 Thread 0x0000000003112800 Exception <a 'java/io/FileNotFoundException'> (0x0000000773e07740) thrown at [C:\jenkins\workspace\8-2-build-windows-amd64-cygwin\jdk8u251\737\hotspot\src\share\vm\prims\jni.cpp, line 710]
Event: 111.408 Thread 0x0000000003112800 Exception <a 'java/io/FileNotFoundException'> (0x0000000773e08548) thrown at [C:\jenkins\workspace\8-2-build-windows-amd64-cygwin\jdk8u251\737\hotspot\src\share\vm\prims\jni.cpp, line 710]
Event: 111.409 Thread 0x0000000003112800 Exception <a 'java/io/FileNotFoundException'> (0x0000000773e09328) thrown at [C:\jenkins\workspace\8-2-build-windows-amd64-cygwin\jdk8u251\737\hotspot\src\share\vm\prims\jni.cpp, line 710]
Event: 111.410 Thread 0x0000000003112800 Exception <a 'java/io/FileNotFoundException'> (0x0000000773e0a0f8) thrown at [C:\jenkins\workspace\8-2-build-windows-amd64-cygwin\jdk8u251\737\hotspot\src\share\vm\prims\jni.cpp, line 710]
Event: 111.410 Thread 0x0000000003112800 Exception <a 'java/io/FileNotFoundException'> (0x0000000773e0aec8) thrown at [C:\jenkins\workspace\8-2-build-windows-amd64-cygwin\jdk8u251\737\hotspot\src\share\vm\prims\jni.cpp, line 710]
Event: 111.411 Thread 0x0000000003112800 Exception <a 'java/io/FileNotFoundException'> (0x0000000773e0bc98) thrown at [C:\jenkins\workspace\8-2-build-windows-amd64-cygwin\jdk8u251\737\hotspot\src\share\vm\prims\jni.cpp, line 710]
Event: 111.412 Thread 0x0000000003112800 Exception <a 'java/io/FileNotFoundException'> (0x0000000773e0ca90) thrown at [C:\jenkins\workspace\8-2-build-windows-amd64-cygwin\jdk8u251\737\hotspot\src\share\vm\prims\jni.cpp, line 710]
Event: 111.413 Thread 0x0000000003112800 Exception <a 'java/io/FileNotFoundException'> (0x0000000773e0d8a0) thrown at [C:\jenkins\workspace\8-2-build-windows-amd64-cygwin\jdk8u251\737\hotspot\src\share\vm\prims\jni.cpp, line 710]
Event: 121.518 Thread 0x0000000003112800 Exception <a 'java/io/FileNotFoundException'> (0x000000076eb53f68) thrown at [C:\jenkins\workspace\8-2-build-windows-amd64-cygwin\jdk8u251\737\hotspot\src\share\vm\prims\jni.cpp, line 710]

Events (10 events):
Event: 141.528 loading class com/sun/tools/javac/jvm/CRTable
Event: 141.528 loading class com/sun/tools/javac/jvm/CRTable done
Event: 141.529 loading class com/sun/tools/javac/jvm/CRTFlags
Event: 141.529 loading class com/sun/tools/javac/jvm/CRTFlags done
Event: 141.538 Thread 0x0000000003112800 Uncommon trap: trap_request=0xffffff65 fr.pc=0x000000000603fb04
Event: 141.538 Thread 0x0000000003112800 DEOPT PACKING pc=0x000000000603fb04 sp=0x0000000002a8c3b0
Event: 141.538 Thread 0x0000000003112800 DEOPT UNPACKING pc=0x000000000325583b sp=0x0000000002a8c3c0 mode 2
Event: 141.539 Thread 0x0000000003112800 Uncommon trap: trap_request=0xffffffde fr.pc=0x0000000006204b20
Event: 141.539 Thread 0x0000000003112800 DEOPT PACKING pc=0x0000000006204b20 sp=0x0000000002a8b9a0
Event: 141.539 Thread 0x0000000003112800 DEOPT UNPACKING pc=0x000000000325583b sp=0x0000000002a8b980 mode 2


Dynamic libraries:
0x00007ff7fb670000 - 0x00007ff7fb6a7000 	D:\tool\jdk_1.8\bin\java.exe
0x00007ffe58b70000 - 0x00007ffe58d65000 	C:\Windows\SYSTEM32\ntdll.dll
0x00007ffe57ae0000 - 0x00007ffe57b9d000 	C:\Windows\System32\KERNEL32.DLL
0x00007ffe562b0000 - 0x00007ffe56578000 	C:\Windows\System32\KERNELBASE.dll
0x000000006d5d0000 - 0x000000006d676000 	C:\Windows\System32\SYSFER.DLL
0x00007ffe56bd0000 - 0x00007ffe56c7c000 	C:\Windows\System32\ADVAPI32.dll
0x00007ffe57a40000 - 0x00007ffe57ade000 	C:\Windows\System32\msvcrt.dll
0x00007ffe587f0000 - 0x00007ffe5888b000 	C:\Windows\System32\sechost.dll
0x00007ffe56cd0000 - 0x00007ffe56dfb000 	C:\Windows\System32\RPCRT4.dll
0x00007ffe570d0000 - 0x00007ffe57270000 	C:\Windows\System32\USER32.dll
0x00007ffe56a70000 - 0x00007ffe56a92000 	C:\Windows\System32\win32u.dll
0x00007ffe56c80000 - 0x00007ffe56caa000 	C:\Windows\System32\GDI32.dll
0x00007ffe56870000 - 0x00007ffe5697b000 	C:\Windows\System32\gdi32full.dll
0x00007ffe56980000 - 0x00007ffe56a1d000 	C:\Windows\System32\msvcp_win.dll
0x00007ffe56770000 - 0x00007ffe56870000 	C:\Windows\System32\ucrtbase.dll
0x00007ffe55660000 - 0x00007ffe558fa000 	C:\Windows\WinSxS\amd64_microsoft.windows.common-controls_6595b64144ccf1df_6.0.19041.844_none_ca00b6081b84eb1d\COMCTL32.dll
0x00007ffe58a70000 - 0x00007ffe58a78000 	C:\Windows\System32\psapi.dll
0x00007ffe58890000 - 0x00007ffe588c0000 	C:\Windows\System32\IMM32.DLL
0x000000006cae0000 - 0x000000006cbb2000 	D:\tool\jdk_1.8\jre\bin\msvcr100.dll
0x000000006c230000 - 0x000000006cadb000 	D:\tool\jdk_1.8\jre\bin\server\jvm.dll
0x00007ffe3ce40000 - 0x00007ffe3ce49000 	C:\Windows\SYSTEM32\WSOCK32.dll
0x00007ffe58020000 - 0x00007ffe5808b000 	C:\Windows\System32\WS2_32.dll
0x00007ffe432e0000 - 0x00007ffe43307000 	C:\Windows\SYSTEM32\WINMM.dll
0x00007ffe53db0000 - 0x00007ffe53dba000 	C:\Windows\SYSTEM32\VERSION.dll
0x00007ffe4ee30000 - 0x00007ffe4ee3f000 	D:\tool\jdk_1.8\jre\bin\verify.dll
0x00007ffe42700000 - 0x00007ffe42729000 	D:\tool\jdk_1.8\jre\bin\java.dll
0x00007ffe2fcf0000 - 0x00007ffe2fd13000 	D:\tool\jdk_1.8\jre\bin\instrument.dll
0x00007ffe484e0000 - 0x00007ffe484f6000 	D:\tool\jdk_1.8\jre\bin\zip.dll
0x00007ffe572f0000 - 0x00007ffe57a32000 	C:\Windows\System32\SHELL32.dll
0x00007ffe53330000 - 0x00007ffe53ac0000 	C:\Windows\SYSTEM32\windows.storage.dll
0x00007ffe58090000 - 0x00007ffe583e5000 	C:\Windows\System32\combase.dll
0x00007ffe55630000 - 0x00007ffe5565c000 	C:\Windows\SYSTEM32\Wldp.dll
0x00007ffe57010000 - 0x00007ffe570be000 	C:\Windows\System32\SHCORE.dll
0x00007ffe58520000 - 0x00007ffe58575000 	C:\Windows\System32\shlwapi.dll
0x00007ffe561f0000 - 0x00007ffe5620f000 	C:\Windows\SYSTEM32\profapi.dll
0x00007ffe32f60000 - 0x00007ffe32f7a000 	C:\Program Files\JetBrains\IntelliJ IDEA 2021.1\bin\breakgen64.dll
0x00007ffe46900000 - 0x00007ffe4691a000 	D:\tool\jdk_1.8\jre\bin\net.dll
0x00007ffe55500000 - 0x00007ffe5556a000 	C:\Windows\system32\mswsock.dll
0x00007ffe56040000 - 0x00007ffe56058000 	C:\Windows\SYSTEM32\CRYPTSP.dll
0x00007ffe54d60000 - 0x00007ffe54d94000 	C:\Windows\system32\rsaenh.dll
0x00007ffe56740000 - 0x00007ffe56767000 	C:\Windows\System32\bcrypt.dll
0x00007ffe561b0000 - 0x00007ffe561de000 	C:\Windows\SYSTEM32\USERENV.dll
0x00007ffe56b50000 - 0x00007ffe56bd0000 	C:\Windows\System32\bcryptprimitives.dll
0x00007ffe55590000 - 0x00007ffe5559c000 	C:\Windows\SYSTEM32\CRYPTBASE.dll
0x00007ffe55090000 - 0x00007ffe550cb000 	C:\Windows\SYSTEM32\IPHLPAPI.DLL
0x00007ffe57ba0000 - 0x00007ffe57ba8000 	C:\Windows\System32\NSI.dll
0x00007ffe4fdd0000 - 0x00007ffe4fde7000 	C:\Windows\SYSTEM32\dhcpcsvc6.DLL
0x00007ffe4fdb0000 - 0x00007ffe4fdcd000 	C:\Windows\SYSTEM32\dhcpcsvc.DLL
0x00007ffe551d0000 - 0x00007ffe5529c000 	C:\Windows\SYSTEM32\DNSAPI.dll
0x00007ffe39470000 - 0x00007ffe39482000 	D:\tool\jdk_1.8\jre\bin\nio.dll
0x00007ffe44180000 - 0x00007ffe4418a000 	C:\Users\hspcadmin\AppData\Local\Temp\jansi-1.17.1-6434050091519680206.dll
0x00007ffe42760000 - 0x00007ffe4276a000 	C:\Users\hspcadmin\AppData\Local\Temp\jansi-1.17.1-6071288971506270171.dll
0x00007ffe30e40000 - 0x00007ffe30e64000 	D:\tool\jdk_1.8\jre\bin\sunec.dll
0x00007ffe4e870000 - 0x00007ffe4e87a000 	C:\Windows\System32\rasadhlp.dll
0x00007ffe4e9a0000 - 0x00007ffe4ea1f000 	C:\Windows\System32\fwpuclnt.dll
0x00007ffe4d8e0000 - 0x00007ffe4d8ec000 	D:\tool\jdk_1.8\jre\bin\sunmscapi.dll
0x00007ffe565e0000 - 0x00007ffe5673f000 	C:\Windows\System32\CRYPT32.dll
0x00007ffe55940000 - 0x00007ffe55967000 	C:\Windows\SYSTEM32\ncrypt.dll
0x00007ffe55900000 - 0x00007ffe5593b000 	C:\Windows\SYSTEM32\NTASN1.dll

VM Arguments:
jvm_args: -Dmaven.multiModuleProjectDirectory=D:\gitSpace\spring-boot-2.1.0.M1 -Dmaven.home=C:\Program Files\JetBrains\IntelliJ IDEA 2021.1\plugins\maven\lib\maven3 -Dclassworlds.conf=C:\Program Files\JetBrains\IntelliJ IDEA 2021.1\plugins\maven\lib\maven3\bin\m2.conf -Dmaven.ext.class.path=C:\Program Files\JetBrains\IntelliJ IDEA 2021.1\plugins\maven\lib\maven-event-listener.jar -javaagent:C:\Program Files\JetBrains\IntelliJ IDEA 2021.1\lib\idea_rt.jar=63839:C:\Program Files\JetBrains\IntelliJ IDEA 2021.1\bin -Dfile.encoding=UTF-8 
java_command: org.codehaus.classworlds.Launcher -Didea.version=2021.1 -DskipTests=true compile -P java-8,integration,!java-9,!java9
java_class_path (initial): C:\Program Files\JetBrains\IntelliJ IDEA 2021.1\plugins\maven\lib\maven3\boot\plexus-classworlds-2.6.0.jar;C:\Program Files\JetBrains\IntelliJ IDEA 2021.1\plugins\maven\lib\maven3\boot\plexus-classworlds.license;C:\Program Files\JetBrains\IntelliJ IDEA 2021.1\lib\idea_rt.jar
Launcher Type: SUN_STANDARD

Environment Variables:
JAVA_HOME=D:\tool\jdk_1.8
PATH=D:\VMware\bin\;D:\tool\JRE11\bin;F:\oracle11g\product\11.2.0\dbhome_1\BIN;C:\Python39\Scripts\;C:\Python39\;F:\oracle_client;F:\oracle11g\product\11.2.0\dbhome_1\bin;C:\Program Files (x86)\Common Files\Oracle\Java\javapath;C:\Windows\system32;C:\Windows;C:\Windows\System32\Wbem;C:\Windows\System32\WindowsPowerShell\v1.0\;C:\Windows\System32\OpenSSH\;D:\tool\jdk_1.8\bin;D:\tool\TortoiseSVN\bin;D:\tool\Git\cmd;D:\tool\mysql-5.7.34-winx64\mysql-5.7.34-winx64\bin;D:\tool\gradle-4.8.1-all\gradle-4.8.1\bin;D:\tool\xshell7\;D:\tool\xftp7\;C:\ProgramData\chocolatey\bin;C:\Users\hspcadmin\AppData\Roaming\nvm;C:\Users\hspcadmin\AppData\Roaming\nvm\nodejs;D:\tool\apache-maven-3.6.3\bin;C:\Users\hspcadmin\AppData\Local\Microsoft\WindowsApps;C:\Program Files\Bandizip\;C:\Users\hspcadmin\AppData\Roaming\npm;C:\Users\hspcadmin\AppData\Roaming\nvm;C:\Users\hspcadmin\AppData\Roaming\nvm\nodejs;
USERNAME=hspcadmin
OS=Windows_NT
PROCESSOR_IDENTIFIER=Intel64 Family 6 Model 142 Stepping 12, GenuineIntel



---------------  S Y S T E M  ---------------

OS: Windows 10.0 , 64 bit Build 19041 (10.0.19041.928)

CPU:total 8 (initial active 8) (4 cores per cpu, 2 threads per core) family 6 model 142 stepping 12, cmov, cx8, fxsr, mmx, sse, sse2, sse3, ssse3, sse4.1, sse4.2, popcnt, avx, avx2, aes, clmul, erms, 3dnowpref, lzcnt, ht, tsc, tscinvbit, bmi1, bmi2, adx

Memory: 4k page, physical 16545128k(568564k free), swap 32273892k(5228k free)

vm_info: Java HotSpot(TM) 64-Bit Server VM (25.251-b08) for windows-amd64 JRE (1.8.0_251-b08), built on Mar 12 2020 06:31:49 by "" with MS VC++ 10.0 (VS2010)

time: Wed Mar 16 17:57:16 2022
timezone: 中国标准时间
elapsed time: 141 seconds (0d 0h 2m 21s)

