#
# There is insufficient memory for the Java Runtime Environment to continue.
# Native memory allocation (malloc) failed to allocate 1048576 bytes for AllocateHeap
# Possible reasons:
#   The system is out of physical RAM or swap space
#   The process is running with CompressedOops enabled, and the Java Heap may be blocking the growth of the native heap
# Possible solutions:
#   Reduce memory load on the system
#   Increase physical memory or swap space
#   Check if swap backing store is full
#   Decrease Java heap size (-Xmx/-Xms)
#   Decrease number of Java threads
#   Decrease Java thread stack sizes (-Xss)
#   Set larger code cache with -XX:ReservedCodeCacheSize=
#   JVM is running with Zero Based Compressed Oops mode in which the Java heap is
#     placed in the first 32GB address space. The Java Heap base address is the
#     maximum limit for the native heap growth. Please use -XX:HeapBaseMinAddress
#     to set the Java Heap base and to place the Java Heap above 32GB virtual address.
# This output file may be truncated or incomplete.
#
#  Out of Memory Error (memory/allocation.inline.hpp:61), pid=24640, tid=0x00000000000060d8
#
# JRE version:  (8.0_251-b08) (build )
# Java VM: Java HotSpot(TM) 64-Bit Server VM (25.251-b08 mixed mode windows-amd64 compressed oops)
# Failed to write core dump. Minidumps are not enabled by default on client versions of Windows
#

---------------  T H R E A D  ---------------

Current thread (0x00000000032b2800):  JavaThread "Unknown thread" [_thread_in_vm, id=24792, stack(0x00000000031b0000,0x00000000032b0000)]

Stack: [0x00000000031b0000,0x00000000032b0000]
[error occurred during error reporting (printing stack bounds), id 0xc0000005]

Native frames: (J=compiled Java code, j=interpreted, Vv=VM code, C=native code)


---------------  P R O C E S S  ---------------

Java Threads: ( => current thread )

Other Threads:

=>0x00000000032b2800 (exited) JavaThread "Unknown thread" [_thread_in_vm, id=24792, stack(0x00000000031b0000,0x00000000032b0000)]

VM state:not at safepoint (normal execution)

VM Mutex/Monitor currently owned by a thread: None

heap address: 0x00000006c3800000, size: 4040 MB, Compressed Oops mode: Zero based, Oop shift amount: 3
Narrow klass base: 0x0000000000000000, Narrow klass shift: 3
Compressed class space size: 1073741824 Address: 0x00000007c0000000

Heap:
 PSYoungGen      total 2048K, used 30K [0x000000076bd80000, 0x000000076c000000, 0x00000007c0000000)
  eden space 1536K, 2% used [0x000000076bd80000,0x000000076bd87af0,0x000000076bf00000)
  from space 512K, 0% used [0x000000076bf80000,0x000000076bf80000,0x000000076c000000)
  to   space 512K, 0% used [0x000000076bf00000,0x000000076bf00000,0x000000076bf80000)
 ParOldGen       total 5632K, used 0K [0x00000006c3800000, 0x00000006c3d80000, 0x000000076bd80000)
  object space 5632K, 0% used [0x00000006c3800000,0x00000006c3800000,0x00000006c3d80000)
 Metaspace       used 786K, capacity 1156K, committed 1408K, reserved 1060864K
  class space    used 76K, capacity 384K, committed 384K, reserved 1048576K

Card table byte_map: [0x0000000012770000,0x0000000012f60000] byte_map_base: 0x000000000f154000

Marking Bits: (ParMarkBitMap*) 0x000000006ca5af90
 Begin Bits: [0x0000000013cb0000, 0x0000000017bd0000)
 End Bits:   [0x0000000017bd0000, 0x000000001baf0000)

Polling page: 0x0000000002d30000

CodeCache: size=245760Kb used=328Kb max_used=328Kb free=245431Kb
 bounds [0x00000000033b0000, 0x0000000003620000, 0x00000000123b0000]
 total_blobs=58 nmethods=0 adapters=38
 compilation: enabled

Compilation events (0 events):
No events

GC Heap History (0 events):
No events

Deoptimization events (0 events):
No events

Classes redefined (0 events):
No events

Internal exceptions (0 events):
No events

Events (10 events):
Event: 0.061 loading class java/lang/Short
Event: 0.061 loading class java/lang/Short done
Event: 0.061 loading class java/lang/Integer
Event: 0.062 loading class java/lang/Integer done
Event: 0.062 loading class java/lang/Long
Event: 0.062 loading class java/lang/Long done
Event: 0.062 loading class java/lang/NullPointerException
Event: 0.063 loading class java/lang/NullPointerException done
Event: 0.063 loading class java/lang/ArithmeticException
Event: 0.063 loading class java/lang/ArithmeticException done


Dynamic libraries:
0x00007ff6e5d70000 - 0x00007ff6e5d77000 	D:\tool\jdk_1.8\bin\javadoc.exe
0x00007ffe58b70000 - 0x00007ffe58d65000 	C:\Windows\SYSTEM32\ntdll.dll
0x00007ffe57ae0000 - 0x00007ffe57b9d000 	C:\Windows\System32\KERNEL32.DLL
0x00007ffe562b0000 - 0x00007ffe56578000 	C:\Windows\System32\KERNELBASE.dll
0x000000006d5d0000 - 0x000000006d676000 	C:\Windows\System32\SYSFER.DLL
0x00007ffe468d0000 - 0x00007ffe468ff000 	D:\tool\jdk_1.8\bin\jli.dll
0x000000006c0a0000 - 0x000000006c172000 	D:\tool\jdk_1.8\bin\MSVCR100.dll
0x00007ffe56bd0000 - 0x00007ffe56c7c000 	C:\Windows\System32\ADVAPI32.dll
0x00007ffe57a40000 - 0x00007ffe57ade000 	C:\Windows\System32\msvcrt.dll
0x00007ffe587f0000 - 0x00007ffe5888b000 	C:\Windows\System32\sechost.dll
0x00007ffe56cd0000 - 0x00007ffe56dfb000 	C:\Windows\System32\RPCRT4.dll
0x00007ffe570d0000 - 0x00007ffe57270000 	C:\Windows\System32\USER32.dll
0x00007ffe56a70000 - 0x00007ffe56a92000 	C:\Windows\System32\win32u.dll
0x00007ffe56c80000 - 0x00007ffe56caa000 	C:\Windows\System32\GDI32.dll
0x00007ffe56870000 - 0x00007ffe5697b000 	C:\Windows\System32\gdi32full.dll
0x00007ffe55660000 - 0x00007ffe558fa000 	C:\Windows\WinSxS\amd64_microsoft.windows.common-controls_6595b64144ccf1df_6.0.19041.844_none_ca00b6081b84eb1d\COMCTL32.dll
0x00007ffe56980000 - 0x00007ffe56a1d000 	C:\Windows\System32\msvcp_win.dll
0x00007ffe56770000 - 0x00007ffe56870000 	C:\Windows\System32\ucrtbase.dll
0x00007ffe58a70000 - 0x00007ffe58a78000 	C:\Windows\System32\psapi.dll
0x00007ffe58890000 - 0x00007ffe588c0000 	C:\Windows\System32\IMM32.DLL
0x000000006cae0000 - 0x000000006cbb2000 	D:\tool\jdk_1.8\jre\bin\msvcr100.dll
0x000000006c230000 - 0x000000006cadb000 	D:\tool\jdk_1.8\jre\bin\server\jvm.dll
0x00007ffe3ce40000 - 0x00007ffe3ce49000 	C:\Windows\SYSTEM32\WSOCK32.dll
0x00007ffe58020000 - 0x00007ffe5808b000 	C:\Windows\System32\WS2_32.dll
0x00007ffe432e0000 - 0x00007ffe43307000 	C:\Windows\SYSTEM32\WINMM.dll
0x00007ffe53db0000 - 0x00007ffe53dba000 	C:\Windows\SYSTEM32\VERSION.dll
0x00007ffe4ee30000 - 0x00007ffe4ee3f000 	D:\tool\jdk_1.8\jre\bin\verify.dll
0x00007ffe42700000 - 0x00007ffe42729000 	D:\tool\jdk_1.8\jre\bin\java.dll
0x00007ffe484e0000 - 0x00007ffe484f6000 	D:\tool\jdk_1.8\jre\bin\zip.dll

VM Arguments:
jvm_args: -Denv.class.path=D:\gitSpace\spring-boot-2.1.0.M1\spring-boot-project\spring-boot-tools\spring-boot-gradle-plugin\\gradle\wrapper\gradle-wrapper.jar -Dapplication.home=D:\tool\jdk_1.8 -Xms8m 
java_command: com.sun.tools.javadoc.Main @D:\gitSpace\spring-boot-2.1.0.M1\spring-boot-project\spring-boot-tools\spring-boot-gradle-plugin\build\tmp\javadoc\javadoc.options
java_class_path (initial): D:\tool\jdk_1.8/lib/tools.jar;D:\tool\jdk_1.8/classes
Launcher Type: SUN_STANDARD

Environment Variables:
JAVA_HOME=D:\tool\jdk_1.8
CLASSPATH=D:\gitSpace\spring-boot-2.1.0.M1\spring-boot-project\spring-boot-tools\spring-boot-gradle-plugin\\gradle\wrapper\gradle-wrapper.jar
PATH=D:\VMware\bin\;D:\tool\JRE11\bin;F:\oracle11g\product\11.2.0\dbhome_1\BIN;C:\Python39\Scripts\;C:\Python39\;F:\oracle_client;F:\oracle11g\product\11.2.0\dbhome_1\bin;C:\Program Files (x86)\Common Files\Oracle\Java\javapath;C:\Windows\system32;C:\Windows;C:\Windows\System32\Wbem;C:\Windows\System32\WindowsPowerShell\v1.0\;C:\Windows\System32\OpenSSH\;D:\tool\jdk_1.8\bin;D:\tool\TortoiseSVN\bin;D:\tool\Git\cmd;D:\tool\mysql-5.7.34-winx64\mysql-5.7.34-winx64\bin;D:\tool\gradle-4.8.1-all\gradle-4.8.1\bin;D:\tool\xshell7\;D:\tool\xftp7\;C:\ProgramData\chocolatey\bin;C:\Users\hspcadmin\AppData\Roaming\nvm;C:\Users\hspcadmin\AppData\Roaming\nvm\nodejs;D:\tool\apache-maven-3.6.3\bin;C:\Users\hspcadmin\AppData\Local\Microsoft\WindowsApps;C:\Program Files\Bandizip\;C:\Users\hspcadmin\AppData\Roaming\npm;C:\Users\hspcadmin\AppData\Roaming\nvm;C:\Users\hspcadmin\AppData\Roaming\nvm\nodejs;
USERNAME=hspcadmin
OS=Windows_NT
PROCESSOR_IDENTIFIER=Intel64 Family 6 Model 142 Stepping 12, GenuineIntel



---------------  S Y S T E M  ---------------

OS: Windows 10.0 , 64 bit Build 19041 (10.0.19041.928)

CPU:total 8 (initial active 8) (4 cores per cpu, 2 threads per core) family 6 model 142 stepping 12, cmov, cx8, fxsr, mmx, sse, sse2, sse3, ssse3, sse4.1, sse4.2, popcnt, avx, avx2, aes, clmul, erms, 3dnowpref, lzcnt, ht, tsc, tscinvbit, bmi1, bmi2, adx

Memory: 4k page, physical 16545128k(522756k free), swap 32273892k(5796k free)

vm_info: Java HotSpot(TM) 64-Bit Server VM (25.251-b08) for windows-amd64 JRE (1.8.0_251-b08), built on Mar 12 2020 06:31:49 by "" with MS VC++ 10.0 (VS2010)

time: Wed Mar 16 17:19:32 2022
timezone: 中国标准时间
elapsed time: 0 seconds (0d 0h 0m 0s)

